==============================
test case 66000 of 990000
attempt to remove 1 values below:
   (sequential order) -2 
   (value-sort order) -2 
from 9 values below:
   -8 -7 -6 -5 -3 3 4 5 8 
gives (with 0 values successfully removed)
   -8 -7 -6 -5 -3 3 4 5 8 
==============================
test case 132000 of 990000
attempt to remove 3 values below:
   (sequential order) 7 -5 -8 
   (value-sort order) -8 -5 7 
from 4 values below:
   1 2 6 9 
gives (with 0 values successfully removed)
   1 2 6 9 
==============================
test case 198000 of 990000
attempt to remove 12 values below:
   (sequential order) -4 7 8 4 9 -4 -7 5 6 -6 -8 -3 
   (value-sort order) -8 -7 -6 -4 -4 -3 4 5 6 7 8 9 
from 10 values below:
   -9 -3 1 2 3 4 5 6 7 8 
gives (with 6 values successfully removed)
   -9 1 2 3 
==============================
test case 264000 of 990000
attempt to remove 4 values below:
   (sequential order) -6 -9 -4 2 
   (value-sort order) -9 -6 -4 2 
from 9 values below:
   -6 -5 -3 0 1 2 3 5 9 
gives (with 2 values successfully removed)
   -5 -3 0 1 3 5 9 
==============================
test case 330000 of 990000
attempt to remove 4 values below:
   (sequential order) 6 7 9 -8 
   (value-sort order) -8 6 7 9 
from 4 values below:
   -9 -2 5 9 
gives (with 1 values successfully removed)
   -9 -2 5 
==============================
test case 396000 of 990000
attempt to remove 14 values below:
   (sequential order) -8 3 -3 4 -2 5 -8 -2 3 -8 -9 4 -5 2 
   (value-sort order) -9 -8 -8 -8 -5 -3 -2 -2 2 3 3 4 4 5 
from 10 values below:
   -8 -7 -5 -4 -1 3 5 6 8 9 
gives (with 4 values successfully removed)
   -7 -4 -1 6 8 9 
==============================
test case 462000 of 990000
attempt to remove 2 values below:
   (sequential order) -6 -7 
   (value-sort order) -7 -6 
from 6 values below:
   -7 -3 0 2 3 8 
gives (with 1 values successfully removed)
   -3 0 2 3 8 
==============================
test case 528000 of 990000
attempt to remove 11 values below:
   (sequential order) -1 -5 -4 -4 4 5 0 -5 0 -9 -1 
   (value-sort order) -9 -5 -5 -4 -4 -1 -1 0 0 4 5 
from 9 values below:
   -8 -7 -4 -3 1 4 5 6 7 
gives (with 3 values successfully removed)
   -8 -7 -3 1 6 7 
==============================
test case 594000 of 990000
attempt to remove 16 values below:
   (sequential order) 1 -7 7 9 2 6 -4 -6 6 -5 -9 -5 -3 -9 4 7 
   (value-sort order) -9 -9 -7 -6 -5 -5 -4 -3 1 2 4 6 6 7 7 9 
from 11 values below:
   -9 -7 -2 0 1 2 4 5 7 8 9 
gives (with 7 values successfully removed)
   -2 0 5 8 
==============================
test case 660000 of 990000
attempt to remove 7 values below:
   (sequential order) -2 -2 -1 9 -2 9 8 
   (value-sort order) -2 -2 -2 -1 8 9 9 
from 7 values below:
   -4 -2 3 4 5 6 8 
gives (with 2 values successfully removed)
   -4 3 4 5 6 
==============================
test case 726000 of 990000
attempt to remove 1 values below:
   (sequential order) 5 
   (value-sort order) 5 
from 1 values below:
   2 
gives (with 0 values successfully removed)
   2 
==============================
test case 792000 of 990000
attempt to remove 13 values below:
   (sequential order) -9 -4 -9 7 -2 1 -7 9 2 -4 -9 8 -1 
   (value-sort order) -9 -9 -9 -7 -4 -4 -2 -1 1 2 7 8 9 
from 16 values below:
   -9 -8 -7 -6 -4 -3 -2 -1 0 1 2 3 4 6 7 9 
gives (with 9 values successfully removed)
   -8 -6 -3 0 3 4 6 
==============================
test case 858000 of 990000
attempt to remove 2 values below:
   (sequential order) -9 4 
   (value-sort order) -9 4 
from 8 values below:
   -8 -5 -2 0 3 4 6 7 
gives (with 1 values successfully removed)
   -8 -5 -2 0 3 6 7 
==============================
test case 924000 of 990000
attempt to remove 3 values below:
   (sequential order) 2 8 -4 
   (value-sort order) -4 2 8 
from 6 values below:
   -7 -3 1 3 4 5 
gives (with 0 values successfully removed)
   -7 -3 1 3 4 5 
==============================
test case 990000 of 990000
attempt to remove 5 values below:
   (sequential order) -5 -8 -3 3 0 
   (value-sort order) -8 -5 -3 0 3 
from 10 values below:
   -9 -5 -3 -1 1 3 5 7 8 9 
gives (with 3 values successfully removed)
   -9 -1 1 5 7 8 9 
==============================
test program terminated normally
==============================
